F:\VS2010\DAY010\DATABASETOOL\DATABASETOOL\DEBUG\ADODB.OBJ
F:\VS2010\DAY010\DATABASETOOL\DATABASETOOL\DEBUG\CHECKDBCODE.OBJ
F:\VS2010\DAY010\DATABASETOOL\DATABASETOOL\DEBUG\DATABASETOOL.EXE.EMBED.MANIFEST
F:\VS2010\DAY010\DATABASETOOL\DATABASETOOL\DEBUG\DATABASETOOL.EXE.EMBED.MANIFEST.RES
F:\VS2010\DAY010\DATABASETOOL\DATABASETOOL\DEBUG\DATABASETOOL.EXE.INTERMEDIATE.MANIFEST
F:\VS2010\DAY010\DATABASETOOL\DATABASETOOL\DEBUG\DATABASETOOL.OBJ
F:\VS2010\DAY010\DATABASETOOL\DATABASETOOL\DEBUG\DATABASETOOL.PCH
F:\VS2010\DAY010\DATABASETOOL\DATABASETOOL\DEBUG\DATABASETOOL.RES
F:\VS2010\DAY010\DATABASETOOL\DATABASETOOL\DEBUG\DATABASETOOLDLG.OBJ
F:\VS2010\DAY010\DATABASETOOL\DATABASETOOL\DEBUG\DATASOURCEDLG.OBJ
F:\VS2010\DAY010\DATABASETOOL\DATABASETOOL\DEBUG\STDAFX.OBJ
F:\VS2010\DAY010\DATABASETOOL\DATABASETOOL\DEBUG\VC100.PDB
F:\VS2010\DAY010\DATABASETOOL\DEBUG\DATABASETOOL.EXE
F:\VS2010\DAY010\DATABASETOOL\DEBUG\DATABASETOOL.ILK
F:\VS2010\DAY010\DATABASETOOL\DEBUG\DATABASETOOL.PDB
F:\VS2010\DAY010\DATABASETOOL_001\DATABASETOOL\DEBUG\ADODB.OBJ
F:\VS2010\DAY010\DATABASETOOL_001\DATABASETOOL\DEBUG\CHECKDBCODE.OBJ
F:\vs2010\day010\DataBaseTool_001\DataBaseTool\Debug\cl.command.1.tlog
F:\vs2010\day010\DataBaseTool_001\DataBaseTool\Debug\CL.read.1.tlog
F:\vs2010\day010\DataBaseTool_001\DataBaseTool\Debug\CL.write.1.tlog
F:\vs2010\day010\DataBaseTool_001\DataBaseTool\Debug\DataBaseTool.exe.embed.manifest
F:\VS2010\DAY010\DATABASETOOL_001\DATABASETOOL\DEBUG\DATABASETOOL.EXE.EMBED.MANIFEST.RES
F:\VS2010\DAY010\DATABASETOOL_001\DATABASETOOL\DEBUG\DATABASETOOL.EXE.INTERMEDIATE.MANIFEST
F:\VS2010\DAY010\DATABASETOOL_001\DATABASETOOL\DEBUG\DATABASETOOL.OBJ
F:\VS2010\DAY010\DATABASETOOL_001\DATABASETOOL\DEBUG\DATABASETOOL.PCH
F:\VS2010\DAY010\DATABASETOOL_001\DATABASETOOL\DEBUG\DATABASETOOL.RES
F:\vs2010\day010\DataBaseTool_001\DataBaseTool\Debug\DataBaseTool_manifest.rc
F:\VS2010\DAY010\DATABASETOOL_001\DATABASETOOL\DEBUG\DATABASETOOLDLG.OBJ
F:\VS2010\DAY010\DATABASETOOL_001\DATABASETOOL\DEBUG\DATASOURCEDLG.OBJ
F:\vs2010\day010\DataBaseTool_001\DataBaseTool\Debug\link.6700.read.1.tlog
F:\vs2010\day010\DataBaseTool_001\DataBaseTool\Debug\link.6700.write.1.tlog
F:\vs2010\day010\DataBaseTool_001\DataBaseTool\Debug\link.6700-cvtres.read.1.tlog
F:\vs2010\day010\DataBaseTool_001\DataBaseTool\Debug\link.6700-cvtres.write.1.tlog
F:\vs2010\day010\DataBaseTool_001\DataBaseTool\Debug\link.6744.read.1.tlog
F:\vs2010\day010\DataBaseTool_001\DataBaseTool\Debug\link.6744.write.1.tlog
F:\vs2010\day010\DataBaseTool_001\DataBaseTool\Debug\link.6744-cvtres.read.1.tlog
F:\vs2010\day010\DataBaseTool_001\DataBaseTool\Debug\link.6744-cvtres.write.1.tlog
F:\vs2010\day010\DataBaseTool_001\DataBaseTool\Debug\link.command.1.tlog
F:\vs2010\day010\DataBaseTool_001\DataBaseTool\Debug\link.read.1.tlog
F:\vs2010\day010\DataBaseTool_001\DataBaseTool\Debug\link.write.1.tlog
F:\vs2010\day010\DataBaseTool_001\DataBaseTool\Debug\link-cvtres.read.1.tlog
F:\vs2010\day010\DataBaseTool_001\DataBaseTool\Debug\link-cvtres.write.1.tlog
F:\vs2010\day010\DataBaseTool_001\DataBaseTool\Debug\msado15.tlh
F:\vs2010\day010\DataBaseTool_001\DataBaseTool\Debug\msado15.tli
F:\vs2010\day010\DataBaseTool_001\DataBaseTool\Debug\mt.command.1.tlog
F:\vs2010\day010\DataBaseTool_001\DataBaseTool\Debug\mt.read.1.tlog
F:\vs2010\day010\DataBaseTool_001\DataBaseTool\Debug\mt.write.1.tlog
F:\vs2010\day010\DataBaseTool_001\DataBaseTool\Debug\rc.command.1.tlog
F:\vs2010\day010\DataBaseTool_001\DataBaseTool\Debug\rc.read.1.tlog
F:\vs2010\day010\DataBaseTool_001\DataBaseTool\Debug\rc.write.1.tlog
F:\VS2010\DAY010\DATABASETOOL_001\DATABASETOOL\DEBUG\STDAFX.OBJ
F:\vs2010\day010\DataBaseTool_001\DataBaseTool\Debug\vc100.idb
F:\VS2010\DAY010\DATABASETOOL_001\DATABASETOOL\DEBUG\VC100.PDB
F:\VS2010\DAY010\DATABASETOOL_001\DEBUG\DATABASETOOL.EXE
F:\VS2010\DAY010\DATABASETOOL_001\DEBUG\DATABASETOOL.ILK
F:\VS2010\DAY010\DATABASETOOL_001\DEBUG\DATABASETOOL.PDB
