F:\VS2010\DAY010\DATABASETOOL_001\DATABASETOOL\RELEASE\ADODB.OBJ
F:\VS2010\DAY010\DATABASETOOL_001\DATABASETOOL\RELEASE\CHECKDBCODE.OBJ
F:\vs2010\day010\DataBaseTool_001\DataBaseTool\Release\cl.command.1.tlog
F:\vs2010\day010\DataBaseTool_001\DataBaseTool\Release\CL.read.1.tlog
F:\vs2010\day010\DataBaseTool_001\DataBaseTool\Release\CL.write.1.tlog
F:\vs2010\day010\DataBaseTool_001\DataBaseTool\Release\DataBaseTool.exe.intermediate.manifest
F:\VS2010\DAY010\DATABASETOOL_001\DATABASETOOL\RELEASE\DATABASETOOL.OBJ
F:\VS2010\DAY010\DATABASETOOL_001\DATABASETOOL\RELEASE\DATABASETOOL.PCH
F:\VS2010\DAY010\DATABASETOOL_001\DATABASETOOL\RELEASE\DATABASETOOL.RES
F:\VS2010\DAY010\DATABASETOOL_001\DATABASETOOL\RELEASE\DATABASETOOLDLG.OBJ
F:\VS2010\DAY010\DATABASETOOL_001\DATABASETOOL\RELEASE\DATASOURCEDLG.OBJ
F:\vs2010\day010\DataBaseTool_001\DataBaseTool\Release\link.command.1.tlog
F:\vs2010\day010\DataBaseTool_001\DataBaseTool\Release\link.read.1.tlog
F:\vs2010\day010\DataBaseTool_001\DataBaseTool\Release\link.write.1.tlog
F:\vs2010\day010\DataBaseTool_001\DataBaseTool\Release\link-cvtres.read.1.tlog
F:\vs2010\day010\DataBaseTool_001\DataBaseTool\Release\link-cvtres.write.1.tlog
F:\vs2010\day010\DataBaseTool_001\DataBaseTool\Release\msado15.tlh
F:\vs2010\day010\DataBaseTool_001\DataBaseTool\Release\msado15.tli
F:\vs2010\day010\DataBaseTool_001\DataBaseTool\Release\mt.command.1.tlog
F:\vs2010\day010\DataBaseTool_001\DataBaseTool\Release\mt.read.1.tlog
F:\vs2010\day010\DataBaseTool_001\DataBaseTool\Release\mt.write.1.tlog
F:\vs2010\day010\DataBaseTool_001\DataBaseTool\Release\rc.command.1.tlog
F:\vs2010\day010\DataBaseTool_001\DataBaseTool\Release\rc.read.1.tlog
F:\vs2010\day010\DataBaseTool_001\DataBaseTool\Release\rc.write.1.tlog
F:\VS2010\DAY010\DATABASETOOL_001\DATABASETOOL\RELEASE\STDAFX.OBJ
F:\VS2010\DAY010\DATABASETOOL_001\DATABASETOOL\RELEASE\VC100.PDB
F:\vs2010\day010\DataBaseTool_001\Release\DataBaseTool.exe
F:\vs2010\day010\DataBaseTool_001\Release\DataBaseTool.pdb
